{"name": "test_create_opencart_session[Chrome]", "status": "broken", "statusDetails": {"message": "selenium.common.exceptions.TimeoutException: Message:", "trace": "self = <python_pytest.Tests.test_session_creation.Test_Session_Creation_BBR_Replay object at 0x7fe0715c1160>\n\n    def test_create_opencart_session(self):\n    \n        self.create_opencart_session = OPenCarTestPage(self.driver)\n        #below line will execute the session creation process\n>       self.create_opencart_session.do_session_creation()\n\npython_pytest/Tests/test_session_creation.py:17: \n_ _ _ _ _ _ _ _ _ _ _ _ _ _ _ _ _ _ _ _ _ _ _ _ _ _ _ _ _ _ _ _ _ _ _ _ _ _ _ _ _ _ _ _ _ _ _ _ _ _ _ _ _ _ _ _ _ _ _ _ _ _ _ _ _ _ _ _ _ _ _ _ _ _ _ _ _ _ _ _ _ _ _ _ _ _ _ _ _ _ _ _ _ _\npython_pytest/Pages/OpenCartTestPage.py:94: in do_session_creation\n    self.do_send_key(self.Email, TestData.EMAIl)\npython_pytest/Pages/BasePage.py:20: in do_send_key\n    WebDriverWait(self.driver,18).until(EC.visibility_of_element_located(by_locator)).clear()\n_ _ _ _ _ _ _ _ _ _ _ _ _ _ _ _ _ _ _ _ _ _ _ _ _ _ _ _ _ _ _ _ _ _ _ _ _ _ _ _ _ _ _ _ _ _ _ _ _ _ _ _ _ _ _ _ _ _ _ _ _ _ _ _ _ _ _ _ _ _ _ _ _ _ _ _ _ _ _ _ _ _ _ _ _ _ _ _ _ _ _ _ _ _\n\nself = <selenium.webdriver.support.wait.WebDriverWait (session=\"6bde90689f1cea235ef12600c91ffc1d\")>\nmethod = <selenium.webdriver.support.expected_conditions.visibility_of_element_located object at 0x7fe0715c1b80>, message = ''\n\n    def until(self, method, message=''):\n        \"\"\"Calls the method provided with the driver as an argument until the \\\n        return value is not False.\"\"\"\n        screen = None\n        stacktrace = None\n    \n        end_time = time.time() + self._timeout\n        while True:\n            try:\n                value = method(self._driver)\n                if value:\n                    return value\n            except self._ignored_exceptions as exc:\n                screen = getattr(exc, 'screen', None)\n                stacktrace = getattr(exc, 'stacktrace', None)\n            time.sleep(self._poll)\n            if time.time() > end_time:\n                break\n>       raise TimeoutException(message, screen, stacktrace)\nE       selenium.common.exceptions.TimeoutException: Message:\n\nvenv/lib/python3.9/site-packages/selenium/webdriver/support/wait.py:80: TimeoutException"}, "parameters": [{"name": "init_driver", "value": "'Chrome'"}], "start": 1658227066858, "stop": 1658227100233, "uuid": "a4f8ea9a-b6aa-41a9-8248-368b8c97b759", "historyId": "56ceba04b721c40b55fef8e930fe2996", "testCaseId": "4e164fc64c203b15e0e768334e6d982a", "fullName": "python_pytest.Tests.test_session_creation.Test_Session_Creation_BBR_Replay#test_create_opencart_session", "labels": [{"name": "tag", "value": "@pytest.mark.usefixtures('init_driver')"}, {"name": "parentSuite", "value": "python_pytest.Tests"}, {"name": "suite", "value": "test_session_creation"}, {"name": "subSuite", "value": "Test_Session_Creation_BBR_Replay"}, {"name": "host", "value": "ip-10-234-242-83.ec2.internal"}, {"name": "thread", "value": "26182-MainThread"}, {"name": "framework", "value": "pytest"}, {"name": "language", "value": "cpython3"}, {"name": "package", "value": "python_pytest.Tests.test_session_creation"}]}