{"name": "test_Session_Search[Chrome]", "status": "broken", "statusDetails": {"message": "selenium.common.exceptions.TimeoutException: Message:", "trace": "self = <python_pytest.Tests.test_session_search.Test_Session_Creation_BBR_Replay object at 0x7fac4f107670>\n\n    def test_Session_Search(self):\n        self.session_search = SessionSearch(self.driver)\n        f = open(\"/Users/atultupe/PycharmProjects/python_pytest/Tests/sid.txt\", \"r\")\n        tltsid=f.read()\n        f.close()\n>       self.session_search.dosearch_tltsid(tltsid)\n\npython_pytest/Tests/test_session_search.py:26: \n_ _ _ _ _ _ _ _ _ _ _ _ _ _ _ _ _ _ _ _ _ _ _ _ _ _ _ _ _ _ _ _ _ _ _ _ _ _ _ _ _ _ _ _ _ _ _ _ _ _ _ _ _ _ _ _ _ _ _ _ _ _ _ _ _ _ _ _ _ _ _ _ _ _ _ _ _ _ _ _ _ _ _ _ _ _ _ _ _ _ _ _ _ _\npython_pytest/Pages/SessionSearch.py:34: in dosearch_tltsid\n    self.do_click(self.Replay_Session_Icon)\npython_pytest/Pages/BasePage.py:17: in do_click\n    WebDriverWait(self.driver,20).until(EC.visibility_of_element_located(by_locator)).click()\n_ _ _ _ _ _ _ _ _ _ _ _ _ _ _ _ _ _ _ _ _ _ _ _ _ _ _ _ _ _ _ _ _ _ _ _ _ _ _ _ _ _ _ _ _ _ _ _ _ _ _ _ _ _ _ _ _ _ _ _ _ _ _ _ _ _ _ _ _ _ _ _ _ _ _ _ _ _ _ _ _ _ _ _ _ _ _ _ _ _ _ _ _ _\n\nself = <selenium.webdriver.support.wait.WebDriverWait (session=\"4f53c64a99843b16326b8a5e92c8820c\")>\nmethod = <selenium.webdriver.support.expected_conditions.visibility_of_element_located object at 0x7fac4f107fd0>, message = ''\n\n    def until(self, method, message=''):\n        \"\"\"Calls the method provided with the driver as an argument until the \\\n        return value is not False.\"\"\"\n        screen = None\n        stacktrace = None\n    \n        end_time = time.time() + self._timeout\n        while True:\n            try:\n                value = method(self._driver)\n                if value:\n                    return value\n            except self._ignored_exceptions as exc:\n                screen = getattr(exc, 'screen', None)\n                stacktrace = getattr(exc, 'stacktrace', None)\n            time.sleep(self._poll)\n            if time.time() > end_time:\n                break\n>       raise TimeoutException(message, screen, stacktrace)\nE       selenium.common.exceptions.TimeoutException: Message:\n\nvenv/lib/python3.9/site-packages/selenium/webdriver/support/wait.py:80: TimeoutException"}, "parameters": [{"name": "init_driver", "value": "'Chrome'"}], "start": 1658228553208, "stop": 1658228581751, "uuid": "ed6f6f79-0869-4caf-a38b-bfcc8e5bf195", "historyId": "bb8538bbcd6625e31aa9b66949d8159a", "testCaseId": "1843dac7019b89a20d9161be7b863348", "fullName": "python_pytest.Tests.test_session_search.Test_Session_Creation_BBR_Replay#test_Session_Search", "labels": [{"name": "tag", "value": "@pytest.mark.usefixtures('init_driver')"}, {"name": "parentSuite", "value": "python_pytest.Tests"}, {"name": "suite", "value": "test_session_search"}, {"name": "subSuite", "value": "Test_Session_Creation_BBR_Replay"}, {"name": "host", "value": "ip-10-234-242-83.ec2.internal"}, {"name": "thread", "value": "28285-MainThread"}, {"name": "framework", "value": "pytest"}, {"name": "language", "value": "cpython3"}, {"name": "package", "value": "python_pytest.Tests.test_session_search"}]}